[INFO ] 2024-07-23 23:25:20,451 ConfigReader.getProperty() -  >>>>>> User Successfully loaded Config file. 
[INFO ] 2024-07-23 23:25:20,456 DriverFactory.initiate_browser() -  >>>>>> Browser value is : Chrome
[INFO ] 2024-07-23 23:25:21,782 DriverFactory.initiate_browser() - Chromebrowser opened
[INFO ] 2024-07-23 23:25:21,832 ConfigReader.getProperty() -  >>>>>> User Successfully loaded Config file. 
[INFO ] 2024-07-23 23:25:24,986 DriverFactory.initiate_browser() - Application URL is : https://rahulshettyacademy.com/client
[INFO ] 2024-07-23 23:25:25,080 hooks.launchBrowser() - PageLoad Time is : 4634 Milli Seconds
[INFO ] 2024-07-23 23:25:25,096 LoginStepDefination.user_launched_browser_and_entered_url() -  >>>>>> User launched browser successfully. 
[INFO ] 2024-07-23 23:25:25,102 ConfigReader.getProperty() -  >>>>>> User Successfully loaded Config file. 
[INFO ] 2024-07-23 23:25:25,821 CommonObjects.enterTextByID() - Entered username is :chary1@yopmail.com
[INFO ] 2024-07-23 23:25:28,831 LoginStepDefination.user_entered_from_test_case() -  >>>>>> User entered :  chary1@yopmail.com
[INFO ] 2024-07-23 23:25:28,839 ConfigReader.getProperty() -  >>>>>> User Successfully loaded Config file. 
[WARN ] 2024-07-23 23:25:28,954 LoginStepDefination.user_entered_from_test_case() - no such window: target window already closed
from unknown error: web view not found
  (Session info: chrome=126.0.6478.183)
Build info: version: '3.141.59', revision: 'e82be7d358', time: '2018-11-14T08:17:03'
System info: host: 'LAPTOP-E2QB3MJH', ip: '172.20.10.2', os.name: 'Windows 11', os.arch: 'amd64', os.version: '10.0', java.version: '17.0.11'
Driver info: org.openqa.selenium.chrome.ChromeDriver
Capabilities {acceptInsecureCerts: false, browserName: chrome, browserVersion: 126.0.6478.183, chrome: {chromedriverVersion: 126.0.6478.182 (5b5d8292ddf..., userDataDir: C:\Users\SAIDAC~1\AppData\L...}, fedcm:accounts: true, goog:chromeOptions: {debuggerAddress: localhost:57442}, javascriptEnabled: true, networkConnectionEnabled: false, pageLoadStrategy: normal, platform: WINDOWS, platformName: WINDOWS, proxy: Proxy(), setWindowRect: true, strictFileInteractability: false, timeouts: {implicit: 0, pageLoad: 300000, script: 30000}, unhandledPromptBehavior: dismiss and notify, webauthn:extension:credBlob: true, webauthn:extension:largeBlob: true, webauthn:extension:minPinLength: true, webauthn:extension:prf: true, webauthn:virtualAuthenticators: true}
Session ID: 2e2b81f7f6626b41160c294c31c0813b
*** Element info: {Using=xpath, value=//*[@id='userPassword']}
[INFO ] 2024-07-23 23:25:28,988 hooks.tearDown() - no such window: target window already closed
from unknown error: web view not found
  (Session info: chrome=126.0.6478.183)
Build info: version: '3.141.59', revision: 'e82be7d358', time: '2018-11-14T08:17:03'
System info: host: 'LAPTOP-E2QB3MJH', ip: '172.20.10.2', os.name: 'Windows 11', os.arch: 'amd64', os.version: '10.0', java.version: '17.0.11'
Driver info: org.openqa.selenium.chrome.ChromeDriver
Capabilities {acceptInsecureCerts: false, browserName: chrome, browserVersion: 126.0.6478.183, chrome: {chromedriverVersion: 126.0.6478.182 (5b5d8292ddf..., userDataDir: C:\Users\SAIDAC~1\AppData\L...}, fedcm:accounts: true, goog:chromeOptions: {debuggerAddress: localhost:57442}, javascriptEnabled: true, networkConnectionEnabled: false, pageLoadStrategy: normal, platform: WINDOWS, platformName: WINDOWS, proxy: Proxy(), setWindowRect: true, strictFileInteractability: false, timeouts: {implicit: 0, pageLoad: 300000, script: 30000}, unhandledPromptBehavior: dismiss and notify, webauthn:extension:credBlob: true, webauthn:extension:largeBlob: true, webauthn:extension:minPinLength: true, webauthn:extension:prf: true, webauthn:virtualAuthenticators: true}
Session ID: 2e2b81f7f6626b41160c294c31c0813b
[INFO ] 2024-07-23 23:25:29,013 ConfigReader.getProperty() -  >>>>>> User Successfully loaded Config file. 
[INFO ] 2024-07-23 23:25:29,013 DriverFactory.initiate_browser() -  >>>>>> Browser value is : Chrome
[INFO ] 2024-07-23 23:25:29,793 DriverFactory.initiate_browser() - Chromebrowser opened
[INFO ] 2024-07-23 23:25:29,857 ConfigReader.getProperty() -  >>>>>> User Successfully loaded Config file. 
[INFO ] 2024-07-23 23:25:30,084 DriverFactory.initiate_browser() - Application URL is : https://rahulshettyacademy.com/client
[INFO ] 2024-07-23 23:25:30,962 hooks.launchBrowser() - PageLoad Time is : 1946 Milli Seconds
[INFO ] 2024-07-23 23:25:30,964 LoginStepDefination.user_launched_browser_and_entered_url() -  >>>>>> User launched browser successfully. 
[INFO ] 2024-07-23 23:25:30,964 ConfigReader.getProperty() -  >>>>>> User Successfully loaded Config file. 
[WARN ] 2024-07-23 23:25:31,038 LoginStepDefination.user_entered_from_test_case() - no such window: target window already closed
from unknown error: web view not found
  (Session info: chrome=126.0.6478.183)
Build info: version: '3.141.59', revision: 'e82be7d358', time: '2018-11-14T08:17:03'
System info: host: 'LAPTOP-E2QB3MJH', ip: '172.20.10.2', os.name: 'Windows 11', os.arch: 'amd64', os.version: '10.0', java.version: '17.0.11'
Driver info: org.openqa.selenium.chrome.ChromeDriver
Capabilities {acceptInsecureCerts: false, browserName: chrome, browserVersion: 126.0.6478.183, chrome: {chromedriverVersion: 126.0.6478.182 (5b5d8292ddf..., userDataDir: C:\Users\SAIDAC~1\AppData\L...}, fedcm:accounts: true, goog:chromeOptions: {debuggerAddress: localhost:57461}, javascriptEnabled: true, networkConnectionEnabled: false, pageLoadStrategy: normal, platform: WINDOWS, platformName: WINDOWS, proxy: Proxy(), setWindowRect: true, strictFileInteractability: false, timeouts: {implicit: 0, pageLoad: 300000, script: 30000}, unhandledPromptBehavior: dismiss and notify, webauthn:extension:credBlob: true, webauthn:extension:largeBlob: true, webauthn:extension:minPinLength: true, webauthn:extension:prf: true, webauthn:virtualAuthenticators: true}
Session ID: 7f1c922a4495b0ced12a098dc8aef4fb
*** Element info: {Using=xpath, value=//*[@id='userEmail']}
[INFO ] 2024-07-23 23:25:31,067 hooks.tearDown() - no such window: target window already closed
from unknown error: web view not found
  (Session info: chrome=126.0.6478.183)
Build info: version: '3.141.59', revision: 'e82be7d358', time: '2018-11-14T08:17:03'
System info: host: 'LAPTOP-E2QB3MJH', ip: '172.20.10.2', os.name: 'Windows 11', os.arch: 'amd64', os.version: '10.0', java.version: '17.0.11'
Driver info: org.openqa.selenium.chrome.ChromeDriver
Capabilities {acceptInsecureCerts: false, browserName: chrome, browserVersion: 126.0.6478.183, chrome: {chromedriverVersion: 126.0.6478.182 (5b5d8292ddf..., userDataDir: C:\Users\SAIDAC~1\AppData\L...}, fedcm:accounts: true, goog:chromeOptions: {debuggerAddress: localhost:57461}, javascriptEnabled: true, networkConnectionEnabled: false, pageLoadStrategy: normal, platform: WINDOWS, platformName: WINDOWS, proxy: Proxy(), setWindowRect: true, strictFileInteractability: false, timeouts: {implicit: 0, pageLoad: 300000, script: 30000}, unhandledPromptBehavior: dismiss and notify, webauthn:extension:credBlob: true, webauthn:extension:largeBlob: true, webauthn:extension:minPinLength: true, webauthn:extension:prf: true, webauthn:virtualAuthenticators: true}
Session ID: 7f1c922a4495b0ced12a098dc8aef4fb
[INFO ] 2024-07-23 23:25:31,086 ConfigReader.getProperty() -  >>>>>> User Successfully loaded Config file. 
[INFO ] 2024-07-23 23:25:31,086 DriverFactory.initiate_browser() -  >>>>>> Browser value is : Chrome
[INFO ] 2024-07-23 23:25:31,817 DriverFactory.initiate_browser() - Chromebrowser opened
[INFO ] 2024-07-23 23:25:31,869 ConfigReader.getProperty() -  >>>>>> User Successfully loaded Config file. 
[INFO ] 2024-07-23 23:25:33,010 DriverFactory.initiate_browser() - Application URL is : https://rahulshettyacademy.com/client
[INFO ] 2024-07-23 23:25:33,050 hooks.tearDown() - no such window: target window already closed
from unknown error: web view not found
  (Session info: chrome=126.0.6478.183)
Build info: version: '3.141.59', revision: 'e82be7d358', time: '2018-11-14T08:17:03'
System info: host: 'LAPTOP-E2QB3MJH', ip: '172.20.10.2', os.name: 'Windows 11', os.arch: 'amd64', os.version: '10.0', java.version: '17.0.11'
Driver info: org.openqa.selenium.chrome.ChromeDriver
Capabilities {acceptInsecureCerts: false, browserName: chrome, browserVersion: 126.0.6478.183, chrome: {chromedriverVersion: 126.0.6478.182 (5b5d8292ddf..., userDataDir: C:\Users\SAIDAC~1\AppData\L...}, fedcm:accounts: true, goog:chromeOptions: {debuggerAddress: localhost:57480}, javascriptEnabled: true, networkConnectionEnabled: false, pageLoadStrategy: normal, platform: WINDOWS, platformName: WINDOWS, proxy: Proxy(), setWindowRect: true, strictFileInteractability: false, timeouts: {implicit: 0, pageLoad: 300000, script: 30000}, unhandledPromptBehavior: dismiss and notify, webauthn:extension:credBlob: true, webauthn:extension:largeBlob: true, webauthn:extension:minPinLength: true, webauthn:extension:prf: true, webauthn:virtualAuthenticators: true}
Session ID: a6e6ec8e37869198c82d22c0a082e433
