[INFO ] 2024-07-21 21:26:44,963 ConfigReader.getProperty() -  >>>>>> User Successfully loaded Config file. 
[INFO ] 2024-07-21 21:26:44,965 DriverFactory.initiate_browser() -  >>>>>> Browser value is : Chrome
[INFO ] 2024-07-21 21:26:46,210 DriverFactory.initiate_browser() - Chromebrowser opened
[INFO ] 2024-07-21 21:26:46,256 ConfigReader.getProperty() -  >>>>>> User Successfully loaded Config file. 
[INFO ] 2024-07-21 21:26:46,842 DriverFactory.initiate_browser() - Application URL is : https://rahulshettyacademy.com/client
[INFO ] 2024-07-21 21:26:50,115 hooks.launchBrowser() - PageLoad Time is : 5155 Milli Seconds
[INFO ] 2024-07-21 21:26:50,132 LoginStepDefination.user_launched_browser_and_entered_url() -  >>>>>> User launched browser successfully. 
[INFO ] 2024-07-21 21:26:50,136 ConfigReader.getProperty() -  >>>>>> User Successfully loaded Config file. 
[INFO ] 2024-07-21 21:26:50,828 CommonObjects.enterTextByID() - Entered username is :chary1@yopmail.com
[INFO ] 2024-07-21 21:26:53,838 LoginStepDefination.user_entered_from_test_case() -  >>>>>> User entered :  chary1@yopmail.com
[INFO ] 2024-07-21 21:26:53,841 ConfigReader.getProperty() -  >>>>>> User Successfully loaded Config file. 
[INFO ] 2024-07-21 21:26:54,317 CommonObjects.enterTextByID() - Entered username is :Chary@123
[INFO ] 2024-07-21 21:26:57,327 LoginStepDefination.user_entered_from_test_case() -  >>>>>> User entered :  Chary@123
[INFO ] 2024-07-21 21:27:00,474 LoginStepDefination.user_clicked_on() -  >>>>>> User clicked on :  login
[INFO ] 2024-07-21 21:27:03,812 ForgotPassword.user_clicked_on_button() -  >>>>>> User Succesfully clicked on :  Sign Out
[INFO ] 2024-07-21 21:27:07,140 DriverFactory.close_app() -  Browser Closed 
[INFO ] 2024-07-21 21:27:07,140 ConfigReader.getProperty() -  >>>>>> User Successfully loaded Config file. 
[INFO ] 2024-07-21 21:27:07,140 DriverFactory.initiate_browser() -  >>>>>> Browser value is : Chrome
[INFO ] 2024-07-21 21:27:07,870 DriverFactory.initiate_browser() - Chromebrowser opened
[INFO ] 2024-07-21 21:27:07,932 ConfigReader.getProperty() -  >>>>>> User Successfully loaded Config file. 
[INFO ] 2024-07-21 21:27:10,300 DriverFactory.initiate_browser() - Application URL is : https://rahulshettyacademy.com/client
[INFO ] 2024-07-21 21:27:10,343 hooks.launchBrowser() - PageLoad Time is : 3203 Milli Seconds
[INFO ] 2024-07-21 21:27:10,343 LoginStepDefination.user_launched_browser_and_entered_url() -  >>>>>> User launched browser successfully. 
[INFO ] 2024-07-21 21:27:10,345 ConfigReader.getProperty() -  >>>>>> User Successfully loaded Config file. 
[INFO ] 2024-07-21 21:27:10,735 CommonObjects.enterTextByID() - Entered username is :Chary2@yopmail.com
[INFO ] 2024-07-21 21:27:13,738 LoginStepDefination.user_entered_from_test_case() -  >>>>>> User entered :  Chary2@yopmail.com
[INFO ] 2024-07-21 21:27:13,743 ConfigReader.getProperty() -  >>>>>> User Successfully loaded Config file. 
[INFO ] 2024-07-21 21:27:13,979 CommonObjects.enterTextByID() - Entered username is :Chary@3636
[INFO ] 2024-07-21 21:27:16,989 LoginStepDefination.user_entered_from_test_case() -  >>>>>> User entered :  Chary@3636
[WARN ] 2024-07-21 21:27:16,994 LoginStepDefination.user_clicked_on() - Session ID is null. Using WebDriver after calling quit()?
Build info: version: '3.141.59', revision: 'e82be7d358', time: '2018-11-14T08:17:03'
System info: host: 'LAPTOP-E2QB3MJH', ip: '172.20.10.2', os.name: 'Windows 11', os.arch: 'amd64', os.version: '10.0', java.version: '17.0.11'
Driver info: driver.version: RemoteWebDriver
[INFO ] 2024-07-21 21:27:21,128 DriverFactory.close_app() -  Browser Closed 
[INFO ] 2024-07-21 21:27:21,140 ConfigReader.getProperty() -  >>>>>> User Successfully loaded Config file. 
[INFO ] 2024-07-21 21:27:21,144 DriverFactory.initiate_browser() -  >>>>>> Browser value is : Chrome
[INFO ] 2024-07-21 21:27:21,818 DriverFactory.initiate_browser() - Chromebrowser opened
[INFO ] 2024-07-21 21:27:21,865 ConfigReader.getProperty() -  >>>>>> User Successfully loaded Config file. 
[INFO ] 2024-07-21 21:27:22,251 DriverFactory.initiate_browser() - Application URL is : https://rahulshettyacademy.com/client
[INFO ] 2024-07-21 21:27:25,411 hooks.launchBrowser() - PageLoad Time is : 4268 Milli Seconds
[INFO ] 2024-07-21 21:27:25,413 LoginStepDefination.user_launched_browser_and_entered_url() -  >>>>>> User launched browser successfully. 
[INFO ] 2024-07-21 21:27:25,415 ConfigReader.getProperty() -  >>>>>> User Successfully loaded Config file. 
[INFO ] 2024-07-21 21:27:25,799 CommonObjects.enterTextByID() - Entered username is :sahoo@yopmail.com
[INFO ] 2024-07-21 21:27:28,804 LoginStepDefination.user_entered_from_test_case() -  >>>>>> User entered :  sahoo@yopmail.com
[INFO ] 2024-07-21 21:27:28,805 ConfigReader.getProperty() -  >>>>>> User Successfully loaded Config file. 
[INFO ] 2024-07-21 21:27:29,135 CommonObjects.enterTextByID() - Entered username is :Sahoo@123
[INFO ] 2024-07-21 21:27:32,137 LoginStepDefination.user_entered_from_test_case() -  >>>>>> User entered :  Sahoo@123
[WARN ] 2024-07-21 21:27:32,140 LoginStepDefination.user_clicked_on() - Session ID is null. Using WebDriver after calling quit()?
Build info: version: '3.141.59', revision: 'e82be7d358', time: '2018-11-14T08:17:03'
System info: host: 'LAPTOP-E2QB3MJH', ip: '172.20.10.2', os.name: 'Windows 11', os.arch: 'amd64', os.version: '10.0', java.version: '17.0.11'
Driver info: driver.version: RemoteWebDriver
[INFO ] 2024-07-21 21:27:36,189 DriverFactory.close_app() -  Browser Closed 
